<?xml version="1.0" encoding="UTF-8"?>
<!-- Generated by org.testng.reporters.JUnitReportReporter -->
<testsuite hostname="Alins-MBP.attlocal.net" failures="0" tests="1" name="githubTests.Test4" time="0.669" errors="0" timestamp="2020-03-10T21:30:14 CDT" skipped="0">
  <testcase classname="githubTests.Test4" name="verifyName4" time="0.669"/>
  <system-out/>
</testsuite> <!-- githubTests.Test4 -->
