<?xml version="1.0" encoding="UTF-8"?>
<!-- Generated by org.testng.reporters.JUnitReportReporter -->
<testsuite hostname="Alins-MBP.attlocal.net" failures="0" tests="1" name="githubTests.Test1" time="0.868" errors="0" timestamp="2020-03-10T21:30:14 CDT" skipped="0">
  <testcase classname="githubTests.Test1" name="verifyName1" time="0.868"/>
  <system-out/>
</testsuite> <!-- githubTests.Test1 -->
