<?xml version="1.0" encoding="UTF-8"?>
<!-- Generated by org.testng.reporters.JUnitReportReporter -->
<testsuite hostname="Alins-MBP.attlocal.net" failures="0" tests="1" name="githubTests.Test3" time="0.580" errors="0" timestamp="2020-03-10T21:30:14 CDT" skipped="0">
  <testcase classname="githubTests.Test3" name="verifyName3" time="0.580"/>
  <system-out/>
</testsuite> <!-- githubTests.Test3 -->
